App Mobile/app/build/intermediates/manifest_merge_blame_file/release/manifest-merger-blame-release-report.txt
1<?xml version="1.0" encoding="utf-8"?>
2<manifest xmlns:android="http://schemas.android.com/apk/res/android"
3    package="com.example.acceuil"
4    android:versionCode="1"
5    android:versionName="1.0" >
6
7    <uses-sdk
8        android:minSdkVersion="16"
8-->src\main\AndroidManifest.xml
9        android:targetSdkVersion="29" />
9-->src\main\AndroidManifest.xml
10
11    <uses-permission android:name="android.permission.INTERNET" />
11-->src\main\AndroidManifest.xml:5:5-67
11-->src\main\AndroidManifest.xml:5:22-64
12
13    <application
13-->src\main\AndroidManifest.xml:7:5-45:19
14        android:allowBackup="true"
14-->src\main\AndroidManifest.xml:8:9-35
15        android:appComponentFactory="androidx.core.app.CoreComponentFactory"
15-->[androidx.core:core:1.3.0-beta01] AndroidManifest.xml:24:18-86
16        android:icon="@mipmap/ic_launcher"
16-->src\main\AndroidManifest.xml:9:9-43
17        android:label="@string/app_name"
17-->src\main\AndroidManifest.xml:10:9-41
18        android:roundIcon="@mipmap/ic_launcher_round"
18-->src\main\AndroidManifest.xml:11:9-54
19        android:supportsRtl="true"
19-->src\main\AndroidManifest.xml:12:9-35
20        android:testOnly="true"
21        android:theme="@style/AppTheme" >
21-->src\main\AndroidManifest.xml:13:9-40
22        <activity android:name="com.example.acceuil.Fiqh_lhajj" />
22-->src\main\AndroidManifest.xml:14:9-57
22-->src\main\AndroidManifest.xml:14:19-45
23        <activity android:name="com.example.acceuil.k6" />
23-->src\main\AndroidManifest.xml:15:9-40
23-->src\main\AndroidManifest.xml:15:19-37
24        <activity android:name="com.example.acceuil.i5" />
24-->src\main\AndroidManifest.xml:16:9-40
24-->src\main\AndroidManifest.xml:16:19-37
25        <activity android:name="com.example.acceuil.k4" />
25-->src\main\AndroidManifest.xml:17:9-40
25-->src\main\AndroidManifest.xml:17:19-37
26        <activity android:name="com.example.acceuil.k3" />
26-->src\main\AndroidManifest.xml:18:9-40
26-->src\main\AndroidManifest.xml:18:19-37
27        <activity android:name="com.example.acceuil.k2" />
27-->src\main\AndroidManifest.xml:19:9-40
27-->src\main\AndroidManifest.xml:19:19-37
28        <activity android:name="com.example.acceuil.k1" />
28-->src\main\AndroidManifest.xml:20:9-40
28-->src\main\AndroidManifest.xml:20:19-37
29        <activity android:name="com.example.acceuil.manasik2" />
29-->src\main\AndroidManifest.xml:21:9-46
29-->src\main\AndroidManifest.xml:21:19-43
30        <activity android:name="com.example.acceuil.Money_conv" />
30-->src\main\AndroidManifest.xml:22:9-48
30-->src\main\AndroidManifest.xml:22:19-45
31        <activity android:name="com.example.acceuil.salat" />
31-->src\main\AndroidManifest.xml:23:9-43
31-->src\main\AndroidManifest.xml:23:19-40
32        <activity android:name="com.example.acceuil.Login" />
32-->src\main\AndroidManifest.xml:24:9-43
32-->src\main\AndroidManifest.xml:24:19-40
33        <activity android:name="com.example.acceuil.manasik1" />
33-->src\main\AndroidManifest.xml:25:9-46
33-->src\main\AndroidManifest.xml:25:19-43
34        <activity android:name="com.example.acceuil.manasik" />
34-->src\main\AndroidManifest.xml:26:9-45
34-->src\main\AndroidManifest.xml:26:19-42
35        <activity android:name="com.example.acceuil.doaa2" />
35-->src\main\AndroidManifest.xml:27:9-43
35-->src\main\AndroidManifest.xml:27:19-40
36        <activity android:name="com.example.acceuil.doaa1" />
36-->src\main\AndroidManifest.xml:28:9-43
36-->src\main\AndroidManifest.xml:28:19-40
37        <activity android:name="com.example.acceuil.doaa" />
37-->src\main\AndroidManifest.xml:29:9-42
37-->src\main\AndroidManifest.xml:29:19-39
38        <activity
38-->src\main\AndroidManifest.xml:30:9-33:59
39            android:name="com.example.acceuil.drawar"
39-->src\main\AndroidManifest.xml:31:13-35
40            android:label="@string/title_activity_drawar"
40-->src\main\AndroidManifest.xml:32:13-58
41            android:theme="@style/AppTheme.NoActionBar" />
41-->src\main\AndroidManifest.xml:33:13-56
42        <activity android:name="com.example.acceuil.MainActivity" >
42-->src\main\AndroidManifest.xml:34:9-40:20
42-->src\main\AndroidManifest.xml:34:19-47
43            <intent-filter>
43-->src\main\AndroidManifest.xml:35:13-39:29
44                <action android:name="android.intent.action.MAIN" />
44-->src\main\AndroidManifest.xml:36:17-69
44-->src\main\AndroidManifest.xml:36:25-66
45
46                <category android:name="android.intent.category.LAUNCHER" />
46-->src\main\AndroidManifest.xml:38:17-77
46-->src\main\AndroidManifest.xml:38:27-74
47            </intent-filter>
48        </activity>
49
50        <meta-data
50-->src\main\AndroidManifest.xml:42:9-44:57
51            android:name="preloaded_fonts"
51-->src\main\AndroidManifest.xml:43:13-43
52            android:resource="@array/preloaded_fonts" />
52-->src\main\AndroidManifest.xml:44:13-54
53
54        <provider
54-->[androidx.lifecycle:lifecycle-process:2.2.0] AndroidManifest.xml:25:9-29:43
55            android:name="androidx.lifecycle.ProcessLifecycleOwnerInitializer"
55-->[androidx.lifecycle:lifecycle-process:2.2.0] AndroidManifest.xml:26:13-79
56            android:authorities="com.example.acceuil.lifecycle-process"
56-->[androidx.lifecycle:lifecycle-process:2.2.0] AndroidManifest.xml:27:13-69
57            android:exported="false"
57-->[androidx.lifecycle:lifecycle-process:2.2.0] AndroidManifest.xml:28:13-37
58            android:multiprocess="true" />
58-->[androidx.lifecycle:lifecycle-process:2.2.0] AndroidManifest.xml:29:13-40
59    </application>
60
61</manifest>